<?xml version="1.0" encoding="UTF-8"?>
<coverage generated="1686152304853" clover="3.2.0">
  <project timestamp="1686152304854" name="All files">
    <metrics statements="203" coveredstatements="154" conditionals="72" coveredconditionals="49" methods="52" coveredmethods="41" elements="327" coveredelements="244" complexity="0" loc="203" ncloc="203" packages="5" files="15" classes="15"/>
    <package name="src">
      <metrics statements="1" coveredstatements="1" conditionals="0" coveredconditionals="0" methods="1" coveredmethods="1"/>
      <file name="App.js" path="/home/amandarodrigues/Documentos/trybe/projetos/frontend/app-de-receitas/sd-030-a-project-recipes-app/src/App.js">
        <metrics statements="1" coveredstatements="1" conditionals="0" coveredconditionals="0" methods="1" coveredmethods="1"/>
        <line num="15" count="9" type="stmt"/>
      </file>
    </package>
    <package name="src.components">
      <metrics statements="50" coveredstatements="38" conditionals="34" coveredconditionals="21" methods="12" coveredmethods="8"/>
      <file name="Card.jsx" path="/home/amandarodrigues/Documentos/trybe/projetos/frontend/app-de-receitas/sd-030-a-project-recipes-app/src/components/Card.jsx">
        <metrics statements="2" coveredstatements="2" conditionals="0" coveredconditionals="0" methods="1" coveredmethods="1"/>
        <line num="6" count="168" type="stmt"/>
        <line num="14" count="3" type="stmt"/>
      </file>
      <file name="Footer.jsx" path="/home/amandarodrigues/Documentos/trybe/projetos/frontend/app-de-receitas/sd-030-a-project-recipes-app/src/components/Footer.jsx">
        <metrics statements="1" coveredstatements="0" conditionals="0" coveredconditionals="0" methods="1" coveredmethods="0"/>
        <line num="4" count="0" type="stmt"/>
      </file>
      <file name="Header.jsx" path="/home/amandarodrigues/Documentos/trybe/projetos/frontend/app-de-receitas/sd-030-a-project-recipes-app/src/components/Header.jsx">
        <metrics statements="17" coveredstatements="17" conditionals="16" coveredconditionals="15" methods="2" coveredmethods="2"/>
        <line num="7" count="38" type="stmt"/>
        <line num="8" count="38" type="stmt"/>
        <line num="9" count="38" type="stmt"/>
        <line num="10" count="38" type="cond" truecount="2" falsecount="0"/>
        <line num="11" count="38" type="stmt"/>
        <line num="13" count="38" type="cond" truecount="2" falsecount="0"/>
        <line num="14" count="21" type="stmt"/>
        <line num="15" count="17" type="cond" truecount="2" falsecount="0"/>
        <line num="16" count="13" type="stmt"/>
        <line num="17" count="4" type="cond" truecount="2" falsecount="0"/>
        <line num="18" count="2" type="stmt"/>
        <line num="19" count="2" type="cond" truecount="2" falsecount="0"/>
        <line num="20" count="1" type="stmt"/>
        <line num="21" count="1" type="cond" truecount="1" falsecount="1"/>
        <line num="22" count="1" type="stmt"/>
        <line num="25" count="38" type="stmt"/>
        <line num="39" count="3" type="stmt"/>
      </file>
      <file name="SearchBar.jsx" path="/home/amandarodrigues/Documentos/trybe/projetos/frontend/app-de-receitas/sd-030-a-project-recipes-app/src/components/SearchBar.jsx">
        <metrics statements="30" coveredstatements="19" conditionals="18" coveredconditionals="6" methods="8" coveredmethods="5"/>
        <line num="7" count="11" type="stmt"/>
        <line num="8" count="11" type="stmt"/>
        <line num="9" count="11" type="stmt"/>
        <line num="10" count="11" type="stmt"/>
        <line num="11" count="11" type="stmt"/>
        <line num="13" count="11" type="stmt"/>
        <line num="14" count="1" type="stmt"/>
        <line num="15" count="1" type="cond" truecount="2" falsecount="2"/>
        <line num="16" count="0" type="stmt"/>
        <line num="18" count="1" type="cond" truecount="1" falsecount="1"/>
        <line num="19" count="1" type="stmt"/>
        <line num="21" count="1" type="stmt"/>
        <line num="24" count="11" type="stmt"/>
        <line num="25" count="0" type="stmt"/>
        <line num="26" count="0" type="cond" truecount="0" falsecount="4"/>
        <line num="27" count="0" type="stmt"/>
        <line num="29" count="0" type="cond" truecount="0" falsecount="2"/>
        <line num="30" count="0" type="stmt"/>
        <line num="32" count="0" type="stmt"/>
        <line num="35" count="11" type="stmt"/>
        <line num="36" count="1" type="cond" truecount="2" falsecount="2"/>
        <line num="37" count="0" type="stmt"/>
        <line num="39" count="1" type="cond" truecount="1" falsecount="1"/>
        <line num="40" count="1" type="stmt"/>
        <line num="42" count="0" type="stmt"/>
        <line num="46" count="11" type="stmt"/>
        <line num="52" count="6" type="stmt"/>
        <line num="62" count="0" type="stmt"/>
        <line num="74" count="1" type="stmt"/>
        <line num="86" count="0" type="stmt"/>
      </file>
    </package>
    <package name="src.context">
      <metrics statements="7" coveredstatements="7" conditionals="0" coveredconditionals="0" methods="2" coveredmethods="2"/>
      <file name="RecipeContext.jsx" path="/home/amandarodrigues/Documentos/trybe/projetos/frontend/app-de-receitas/sd-030-a-project-recipes-app/src/context/RecipeContext.jsx">
        <metrics statements="2" coveredstatements="2" conditionals="0" coveredconditionals="0" methods="0" coveredmethods="0"/>
        <line num="1" count="4" type="stmt"/>
        <line num="3" count="4" type="stmt"/>
      </file>
      <file name="RecipeProvider.jsx" path="/home/amandarodrigues/Documentos/trybe/projetos/frontend/app-de-receitas/sd-030-a-project-recipes-app/src/context/RecipeProvider.jsx">
        <metrics statements="5" coveredstatements="5" conditionals="0" coveredconditionals="0" methods="2" coveredmethods="2"/>
        <line num="6" count="25" type="stmt"/>
        <line num="7" count="25" type="stmt"/>
        <line num="9" count="25" type="stmt"/>
        <line num="16" count="25" type="stmt"/>
        <line num="23" count="4" type="stmt"/>
      </file>
    </package>
    <package name="src.pages">
      <metrics statements="77" coveredstatements="62" conditionals="26" coveredconditionals="21" methods="27" coveredmethods="22"/>
      <file name="DoneRecipes.jsx" path="/home/amandarodrigues/Documentos/trybe/projetos/frontend/app-de-receitas/sd-030-a-project-recipes-app/src/pages/DoneRecipes.jsx">
        <metrics statements="1" coveredstatements="1" conditionals="0" coveredconditionals="0" methods="1" coveredmethods="1"/>
        <line num="5" count="1" type="stmt"/>
      </file>
      <file name="FavoriteRecipes.jsx" path="/home/amandarodrigues/Documentos/trybe/projetos/frontend/app-de-receitas/sd-030-a-project-recipes-app/src/pages/FavoriteRecipes.jsx">
        <metrics statements="1" coveredstatements="1" conditionals="0" coveredconditionals="0" methods="1" coveredmethods="1"/>
        <line num="5" count="1" type="stmt"/>
      </file>
      <file name="Login.jsx" path="/home/amandarodrigues/Documentos/trybe/projetos/frontend/app-de-receitas/sd-030-a-project-recipes-app/src/pages/Login.jsx">
        <metrics statements="16" coveredstatements="16" conditionals="0" coveredconditionals="0" methods="6" coveredmethods="6"/>
        <line num="5" count="45" type="stmt"/>
        <line num="6" count="45" type="stmt"/>
        <line num="7" count="45" type="stmt"/>
        <line num="9" count="45" type="stmt"/>
        <line num="10" count="45" type="stmt"/>
        <line num="11" count="45" type="stmt"/>
        <line num="12" count="45" type="stmt"/>
        <line num="13" count="45" type="stmt"/>
        <line num="14" count="55" type="stmt"/>
        <line num="15" count="45" type="stmt"/>
        <line num="18" count="45" type="stmt"/>
        <line num="19" count="1" type="stmt"/>
        <line num="20" count="1" type="stmt"/>
        <line num="23" count="45" type="stmt"/>
        <line num="30" count="29" type="stmt"/>
        <line num="38" count="12" type="stmt"/>
      </file>
      <file name="Profile.jsx" path="/home/amandarodrigues/Documentos/trybe/projetos/frontend/app-de-receitas/sd-030-a-project-recipes-app/src/pages/Profile.jsx">
        <metrics statements="1" coveredstatements="1" conditionals="0" coveredconditionals="0" methods="1" coveredmethods="1"/>
        <line num="5" count="2" type="stmt"/>
      </file>
      <file name="RecipeDetails.jsx" path="/home/amandarodrigues/Documentos/trybe/projetos/frontend/app-de-receitas/sd-030-a-project-recipes-app/src/pages/RecipeDetails.jsx">
        <metrics statements="14" coveredstatements="0" conditionals="4" coveredconditionals="0" methods="4" coveredmethods="0"/>
        <line num="6" count="0" type="stmt"/>
        <line num="8" count="0" type="stmt"/>
        <line num="9" count="0" type="stmt"/>
        <line num="11" count="0" type="stmt"/>
        <line num="12" count="0" type="stmt"/>
        <line num="13" count="0" type="stmt"/>
        <line num="16" count="0" type="stmt"/>
        <line num="17" count="0" type="stmt"/>
        <line num="18" count="0" type="stmt"/>
        <line num="21" count="0" type="stmt"/>
        <line num="22" count="0" type="cond" truecount="0" falsecount="2"/>
        <line num="23" count="0" type="stmt"/>
        <line num="25" count="0" type="stmt"/>
        <line num="29" count="0" type="stmt"/>
      </file>
      <file name="RecipeInProgress.jsx" path="/home/amandarodrigues/Documentos/trybe/projetos/frontend/app-de-receitas/sd-030-a-project-recipes-app/src/pages/RecipeInProgress.jsx">
        <metrics statements="1" coveredstatements="0" conditionals="0" coveredconditionals="0" methods="1" coveredmethods="0"/>
        <line num="4" count="0" type="stmt"/>
      </file>
      <file name="Recipes.jsx" path="/home/amandarodrigues/Documentos/trybe/projetos/frontend/app-de-receitas/sd-030-a-project-recipes-app/src/pages/Recipes.jsx">
        <metrics statements="43" coveredstatements="43" conditionals="22" coveredconditionals="21" methods="13" coveredmethods="13"/>
        <line num="14" count="3" type="stmt"/>
        <line num="17" count="33" type="stmt"/>
        <line num="18" count="33" type="stmt"/>
        <line num="19" count="33" type="stmt"/>
        <line num="20" count="33" type="stmt"/>
        <line num="21" count="33" type="stmt"/>
        <line num="23" count="33" type="stmt"/>
        <line num="24" count="33" type="stmt"/>
        <line num="26" count="33" type="stmt"/>
        <line num="27" count="12" type="cond" truecount="2" falsecount="0"/>
        <line num="28" count="8" type="stmt"/>
        <line num="29" count="3" type="stmt"/>
        <line num="30" count="3" type="stmt"/>
        <line num="32" count="4" type="stmt"/>
        <line num="33" count="3" type="stmt"/>
        <line num="34" count="3" type="stmt"/>
        <line num="38" count="33" type="stmt"/>
        <line num="39" count="12" type="cond" truecount="2" falsecount="0"/>
        <line num="40" count="8" type="stmt"/>
        <line num="41" count="3" type="stmt"/>
        <line num="43" count="4" type="stmt"/>
        <line num="44" count="3" type="stmt"/>
        <line num="48" count="33" type="stmt"/>
        <line num="49" count="12" type="stmt"/>
        <line num="50" count="12" type="stmt"/>
        <line num="53" count="33" type="stmt"/>
        <line num="54" count="8" type="stmt"/>
        <line num="55" count="8" type="cond" truecount="2" falsecount="0"/>
        <line num="56" count="4" type="stmt"/>
        <line num="57" count="4" type="cond" truecount="2" falsecount="0"/>
        <line num="58" count="4" type="stmt"/>
        <line num="60" count="4" type="stmt"/>
        <line num="61" count="2" type="cond" truecount="1" falsecount="1"/>
        <line num="62" count="2" type="stmt"/>
        <line num="66" count="278" type="cond" truecount="2" falsecount="0"/>
        <line num="67" count="184" type="cond" truecount="2" falsecount="0"/>
        <line num="69" count="33" type="stmt"/>
        <line num="76" count="66" type="stmt"/>
        <line num="79" count="4" type="stmt"/>
        <line num="87" count="60" type="stmt"/>
        <line num="90" count="4" type="stmt"/>
        <line num="100" count="96" type="stmt"/>
        <line num="111" count="96" type="stmt"/>
      </file>
    </package>
    <package name="src.services">
      <metrics statements="68" coveredstatements="46" conditionals="12" coveredconditionals="7" methods="10" coveredmethods="8"/>
      <file name="fetchAPI.js" path="/home/amandarodrigues/Documentos/trybe/projetos/frontend/app-de-receitas/sd-030-a-project-recipes-app/src/services/fetchAPI.js">
        <metrics statements="68" coveredstatements="46" conditionals="12" coveredconditionals="7" methods="10" coveredmethods="8"/>
        <line num="1" count="4" type="stmt"/>
        <line num="2" count="9" type="stmt"/>
        <line num="3" count="9" type="cond" truecount="2" falsecount="2"/>
        <line num="5" count="0" type="stmt"/>
        <line num="6" count="0" type="stmt"/>
        <line num="8" count="1" type="stmt"/>
        <line num="9" count="1" type="stmt"/>
        <line num="11" count="0" type="stmt"/>
        <line num="12" count="0" type="stmt"/>
        <line num="14" count="8" type="stmt"/>
        <line num="16" count="9" type="stmt"/>
        <line num="17" count="9" type="stmt"/>
        <line num="18" count="4" type="stmt"/>
        <line num="19" count="4" type="stmt"/>
        <line num="21" count="0" type="stmt"/>
        <line num="25" count="4" type="stmt"/>
        <line num="26" count="4" type="stmt"/>
        <line num="27" count="4" type="cond" truecount="1" falsecount="3"/>
        <line num="29" count="0" type="stmt"/>
        <line num="30" count="0" type="stmt"/>
        <line num="32" count="0" type="stmt"/>
        <line num="33" count="0" type="stmt"/>
        <line num="35" count="0" type="stmt"/>
        <line num="36" count="0" type="stmt"/>
        <line num="38" count="4" type="stmt"/>
        <line num="40" count="4" type="stmt"/>
        <line num="41" count="4" type="stmt"/>
        <line num="42" count="3" type="stmt"/>
        <line num="43" count="3" type="stmt"/>
        <line num="45" count="0" type="stmt"/>
        <line num="49" count="4" type="stmt"/>
        <line num="51" count="4" type="stmt"/>
        <line num="52" count="8" type="stmt"/>
        <line num="53" count="8" type="stmt"/>
        <line num="54" count="3" type="stmt"/>
        <line num="55" count="42" type="stmt"/>
        <line num="57" count="0" type="stmt"/>
        <line num="61" count="4" type="stmt"/>
        <line num="62" count="4" type="stmt"/>
        <line num="63" count="4" type="stmt"/>
        <line num="64" count="3" type="stmt"/>
        <line num="65" count="33" type="stmt"/>
        <line num="67" count="0" type="stmt"/>
        <line num="71" count="4" type="stmt"/>
        <line num="72" count="4" type="stmt"/>
        <line num="73" count="4" type="cond" truecount="2" falsecount="0"/>
        <line num="74" count="1" type="stmt"/>
        <line num="76" count="3" type="stmt"/>
        <line num="78" count="4" type="stmt"/>
        <line num="79" count="4" type="stmt"/>
        <line num="80" count="4" type="stmt"/>
        <line num="83" count="4" type="stmt"/>
        <line num="84" count="4" type="stmt"/>
        <line num="85" count="4" type="cond" truecount="2" falsecount="0"/>
        <line num="86" count="1" type="stmt"/>
        <line num="88" count="3" type="stmt"/>
        <line num="90" count="4" type="stmt"/>
        <line num="91" count="2" type="stmt"/>
        <line num="92" count="2" type="stmt"/>
        <line num="93" count="2" type="stmt"/>
        <line num="97" count="0" type="stmt"/>
        <line num="98" count="0" type="stmt"/>
        <line num="99" count="0" type="stmt"/>
        <line num="100" count="0" type="stmt"/>
        <line num="104" count="0" type="stmt"/>
        <line num="105" count="0" type="stmt"/>
        <line num="106" count="0" type="stmt"/>
        <line num="107" count="0" type="stmt"/>
      </file>
    </package>
  </project>
</coverage>
