{"/home/amandarodrigues/Documentos/trybe/projetos/frontend/app-de-receitas/sd-030-a-project-recipes-app/src/App.js": {"path":"/home/amandarodrigues/Documentos/trybe/projetos/frontend/app-de-receitas/sd-030-a-project-recipes-app/src/App.js","statementMap":{"0":{"start":{"line":15,"column":2},"end":{"line":31,"column":4}}},"fnMap":{"0":{"name":"App","decl":{"start":{"line":14,"column":9},"end":{"line":14,"column":12}},"loc":{"start":{"line":14,"column":15},"end":{"line":32,"column":1}},"line":14}},"branchMap":{},"s":{"0":9},"f":{"0":9},"b":{},"_coverageSchema":"1a1c01bbd47fc00a2c39e90264f33305004495a9","hash":"b62961f5cf33d496e7f85f9f9fa9f087370dab4f"}
,"/home/amandarodrigues/Documentos/trybe/projetos/frontend/app-de-receitas/sd-030-a-project-recipes-app/src/components/Card.jsx": {"path":"/home/amandarodrigues/Documentos/trybe/projetos/frontend/app-de-receitas/sd-030-a-project-recipes-app/src/components/Card.jsx","statementMap":{"0":{"start":{"line":6,"column":2},"end":{"line":11,"column":4}},"1":{"start":{"line":14,"column":0},"end":{"line":18,"column":13}}},"fnMap":{"0":{"name":"Card","decl":{"start":{"line":5,"column":24},"end":{"line":5,"column":28}},"loc":{"start":{"line":5,"column":51},"end":{"line":12,"column":1}},"line":5}},"branchMap":{},"s":{"0":168,"1":3},"f":{"0":168},"b":{},"_coverageSchema":"1a1c01bbd47fc00a2c39e90264f33305004495a9","hash":"1e2a19989581b5374e3d1ec35aa5a11b787e5855"}
,"/home/amandarodrigues/Documentos/trybe/projetos/frontend/app-de-receitas/sd-030-a-project-recipes-app/src/components/Footer.jsx": {"path":"/home/amandarodrigues/Documentos/trybe/projetos/frontend/app-de-receitas/sd-030-a-project-recipes-app/src/components/Footer.jsx","statementMap":{"0":{"start":{"line":4,"column":2},"end":{"line":6,"column":4}}},"fnMap":{"0":{"name":"Footer","decl":{"start":{"line":3,"column":24},"end":{"line":3,"column":30}},"loc":{"start":{"line":3,"column":33},"end":{"line":7,"column":1}},"line":3}},"branchMap":{},"s":{"0":0},"f":{"0":0},"b":{}}
,"/home/amandarodrigues/Documentos/trybe/projetos/frontend/app-de-receitas/sd-030-a-project-recipes-app/src/components/Header.jsx": {"path":"/home/amandarodrigues/Documentos/trybe/projetos/frontend/app-de-receitas/sd-030-a-project-recipes-app/src/components/Header.jsx","statementMap":{"0":{"start":{"line":7,"column":32},"end":{"line":7,"column":47}},"1":{"start":{"line":8,"column":19},"end":{"line":8,"column":32}},"2":{"start":{"line":9,"column":15},"end":{"line":9,"column":32}},"3":{"start":{"line":10,"column":21},"end":{"line":10,"column":60}},"4":{"start":{"line":11,"column":18},"end":{"line":11,"column":20}},"5":{"start":{"line":13,"column":2},"end":{"line":23,"column":3}},"6":{"start":{"line":14,"column":4},"end":{"line":14,"column":24}},"7":{"start":{"line":15,"column":9},"end":{"line":23,"column":3}},"8":{"start":{"line":16,"column":4},"end":{"line":16,"column":25}},"9":{"start":{"line":17,"column":9},"end":{"line":23,"column":3}},"10":{"start":{"line":18,"column":4},"end":{"line":18,"column":26}},"11":{"start":{"line":19,"column":9},"end":{"line":23,"column":3}},"12":{"start":{"line":20,"column":4},"end":{"line":20,"column":31}},"13":{"start":{"line":21,"column":9},"end":{"line":23,"column":3}},"14":{"start":{"line":22,"column":4},"end":{"line":22,"column":35}},"15":{"start":{"line":25,"column":2},"end":{"line":52,"column":4}},"16":{"start":{"line":39,"column":28},"end":{"line":39,"column":48}}},"fnMap":{"0":{"name":"Header","decl":{"start":{"line":6,"column":24},"end":{"line":6,"column":30}},"loc":{"start":{"line":6,"column":33},"end":{"line":53,"column":1}},"line":6},"1":{"name":"(anonymous_1)","decl":{"start":{"line":39,"column":22},"end":{"line":39,"column":23}},"loc":{"start":{"line":39,"column":28},"end":{"line":39,"column":48}},"line":39}},"branchMap":{"0":{"loc":{"start":{"line":10,"column":21},"end":{"line":10,"column":60}},"type":"binary-expr","locations":[{"start":{"line":10,"column":21},"end":{"line":10,"column":38}},{"start":{"line":10,"column":42},"end":{"line":10,"column":60}}],"line":10},"1":{"loc":{"start":{"line":13,"column":2},"end":{"line":23,"column":3}},"type":"if","locations":[{"start":{"line":13,"column":2},"end":{"line":23,"column":3}},{"start":{"line":15,"column":9},"end":{"line":23,"column":3}}],"line":13},"2":{"loc":{"start":{"line":15,"column":9},"end":{"line":23,"column":3}},"type":"if","locations":[{"start":{"line":15,"column":9},"end":{"line":23,"column":3}},{"start":{"line":17,"column":9},"end":{"line":23,"column":3}}],"line":15},"3":{"loc":{"start":{"line":17,"column":9},"end":{"line":23,"column":3}},"type":"if","locations":[{"start":{"line":17,"column":9},"end":{"line":23,"column":3}},{"start":{"line":19,"column":9},"end":{"line":23,"column":3}}],"line":17},"4":{"loc":{"start":{"line":19,"column":9},"end":{"line":23,"column":3}},"type":"if","locations":[{"start":{"line":19,"column":9},"end":{"line":23,"column":3}},{"start":{"line":21,"column":9},"end":{"line":23,"column":3}}],"line":19},"5":{"loc":{"start":{"line":21,"column":9},"end":{"line":23,"column":3}},"type":"if","locations":[{"start":{"line":21,"column":9},"end":{"line":23,"column":3}},{"start":{},"end":{}}],"line":21},"6":{"loc":{"start":{"line":36,"column":7},"end":{"line":49,"column":7}},"type":"binary-expr","locations":[{"start":{"line":36,"column":7},"end":{"line":36,"column":17}},{"start":{"line":37,"column":8},"end":{"line":48,"column":14}}],"line":36},"7":{"loc":{"start":{"line":47,"column":12},"end":{"line":47,"column":42}},"type":"cond-expr","locations":[{"start":{"line":47,"column":22},"end":{"line":47,"column":35}},{"start":{"line":47,"column":38},"end":{"line":47,"column":42}}],"line":47}},"s":{"0":38,"1":38,"2":38,"3":38,"4":38,"5":38,"6":21,"7":17,"8":13,"9":4,"10":2,"11":2,"12":1,"13":1,"14":1,"15":38,"16":3},"f":{"0":38,"1":3},"b":{"0":[38,17],"1":[21,17],"2":[13,4],"3":[2,2],"4":[1,1],"5":[1,0],"6":[38,34],"7":[2,32]},"_coverageSchema":"1a1c01bbd47fc00a2c39e90264f33305004495a9","hash":"a7975ebdad7a78785e827df7cd242e27407743e4"}
,"/home/amandarodrigues/Documentos/trybe/projetos/frontend/app-de-receitas/sd-030-a-project-recipes-app/src/components/SearchBar.jsx": {"path":"/home/amandarodrigues/Documentos/trybe/projetos/frontend/app-de-receitas/sd-030-a-project-recipes-app/src/components/SearchBar.jsx","statementMap":{"0":{"start":{"line":7,"column":34},"end":{"line":7,"column":59}},"1":{"start":{"line":8,"column":19},"end":{"line":8,"column":32}},"2":{"start":{"line":9,"column":38},"end":{"line":9,"column":60}},"3":{"start":{"line":10,"column":30},"end":{"line":10,"column":42}},"4":{"start":{"line":11,"column":18},"end":{"line":11,"column":30}},"5":{"start":{"line":13,"column":22},"end":{"line":22,"column":3}},"6":{"start":{"line":14,"column":22},"end":{"line":14,"column":58}},"7":{"start":{"line":15,"column":4},"end":{"line":17,"column":5}},"8":{"start":{"line":16,"column":6},"end":{"line":16,"column":52}},"9":{"start":{"line":18,"column":4},"end":{"line":20,"column":5}},"10":{"start":{"line":19,"column":6},"end":{"line":19,"column":78}},"11":{"start":{"line":21,"column":4},"end":{"line":21,"column":24}},"12":{"start":{"line":24,"column":23},"end":{"line":33,"column":3}},"13":{"start":{"line":25,"column":23},"end":{"line":25,"column":60}},"14":{"start":{"line":26,"column":4},"end":{"line":28,"column":5}},"15":{"start":{"line":27,"column":6},"end":{"line":27,"column":55}},"16":{"start":{"line":29,"column":4},"end":{"line":31,"column":5}},"17":{"start":{"line":30,"column":6},"end":{"line":30,"column":78}},"18":{"start":{"line":32,"column":4},"end":{"line":32,"column":26}},"19":{"start":{"line":35,"column":23},"end":{"line":44,"column":3}},"20":{"start":{"line":36,"column":4},"end":{"line":38,"column":5}},"21":{"start":{"line":37,"column":6},"end":{"line":37,"column":67}},"22":{"start":{"line":39,"column":4},"end":{"line":43,"column":5}},"23":{"start":{"line":40,"column":6},"end":{"line":40,"column":20}},"24":{"start":{"line":42,"column":6},"end":{"line":42,"column":21}},"25":{"start":{"line":46,"column":2},"end":{"line":98,"column":4}},"26":{"start":{"line":52,"column":35},"end":{"line":52,"column":58}},"27":{"start":{"line":62,"column":37},"end":{"line":62,"column":64}},"28":{"start":{"line":74,"column":37},"end":{"line":74,"column":64}},"29":{"start":{"line":86,"column":37},"end":{"line":86,"column":64}}},"fnMap":{"0":{"name":"SearchBar","decl":{"start":{"line":6,"column":24},"end":{"line":6,"column":33}},"loc":{"start":{"line":6,"column":36},"end":{"line":99,"column":1}},"line":6},"1":{"name":"(anonymous_1)","decl":{"start":{"line":13,"column":22},"end":{"line":13,"column":23}},"loc":{"start":{"line":13,"column":34},"end":{"line":22,"column":3}},"line":13},"2":{"name":"(anonymous_2)","decl":{"start":{"line":24,"column":23},"end":{"line":24,"column":24}},"loc":{"start":{"line":24,"column":35},"end":{"line":33,"column":3}},"line":24},"3":{"name":"(anonymous_3)","decl":{"start":{"line":35,"column":23},"end":{"line":35,"column":24}},"loc":{"start":{"line":35,"column":29},"end":{"line":44,"column":3}},"line":35},"4":{"name":"(anonymous_4)","decl":{"start":{"line":52,"column":19},"end":{"line":52,"column":20}},"loc":{"start":{"line":52,"column":35},"end":{"line":52,"column":58}},"line":52},"5":{"name":"(anonymous_5)","decl":{"start":{"line":62,"column":21},"end":{"line":62,"column":22}},"loc":{"start":{"line":62,"column":37},"end":{"line":62,"column":64}},"line":62},"6":{"name":"(anonymous_6)","decl":{"start":{"line":74,"column":21},"end":{"line":74,"column":22}},"loc":{"start":{"line":74,"column":37},"end":{"line":74,"column":64}},"line":74},"7":{"name":"(anonymous_7)","decl":{"start":{"line":86,"column":21},"end":{"line":86,"column":22}},"loc":{"start":{"line":86,"column":37},"end":{"line":86,"column":64}},"line":86}},"branchMap":{"0":{"loc":{"start":{"line":15,"column":4},"end":{"line":17,"column":5}},"type":"if","locations":[{"start":{"line":15,"column":4},"end":{"line":17,"column":5}},{"start":{},"end":{}}],"line":15},"1":{"loc":{"start":{"line":15,"column":8},"end":{"line":15,"column":43}},"type":"binary-expr","locations":[{"start":{"line":15,"column":8},"end":{"line":15,"column":17}},{"start":{"line":15,"column":21},"end":{"line":15,"column":43}}],"line":15},"2":{"loc":{"start":{"line":18,"column":4},"end":{"line":20,"column":5}},"type":"if","locations":[{"start":{"line":18,"column":4},"end":{"line":20,"column":5}},{"start":{},"end":{}}],"line":18},"3":{"loc":{"start":{"line":26,"column":4},"end":{"line":28,"column":5}},"type":"if","locations":[{"start":{"line":26,"column":4},"end":{"line":28,"column":5}},{"start":{},"end":{}}],"line":26},"4":{"loc":{"start":{"line":26,"column":8},"end":{"line":26,"column":45}},"type":"binary-expr","locations":[{"start":{"line":26,"column":8},"end":{"line":26,"column":18}},{"start":{"line":26,"column":22},"end":{"line":26,"column":45}}],"line":26},"5":{"loc":{"start":{"line":29,"column":4},"end":{"line":31,"column":5}},"type":"if","locations":[{"start":{"line":29,"column":4},"end":{"line":31,"column":5}},{"start":{},"end":{}}],"line":29},"6":{"loc":{"start":{"line":36,"column":4},"end":{"line":38,"column":5}},"type":"if","locations":[{"start":{"line":36,"column":4},"end":{"line":38,"column":5}},{"start":{},"end":{}}],"line":36},"7":{"loc":{"start":{"line":36,"column":8},"end":{"line":36,"column":58}},"type":"binary-expr","locations":[{"start":{"line":36,"column":8},"end":{"line":36,"column":37}},{"start":{"line":36,"column":41},"end":{"line":36,"column":58}}],"line":36},"8":{"loc":{"start":{"line":39,"column":4},"end":{"line":43,"column":5}},"type":"if","locations":[{"start":{"line":39,"column":4},"end":{"line":43,"column":5}},{"start":{"line":41,"column":11},"end":{"line":43,"column":5}}],"line":39}},"s":{"0":11,"1":11,"2":11,"3":11,"4":11,"5":11,"6":1,"7":1,"8":0,"9":1,"10":1,"11":1,"12":11,"13":0,"14":0,"15":0,"16":0,"17":0,"18":0,"19":11,"20":1,"21":0,"22":1,"23":1,"24":0,"25":11,"26":6,"27":0,"28":1,"29":0},"f":{"0":11,"1":1,"2":0,"3":1,"4":6,"5":0,"6":1,"7":0},"b":{"0":[0,1],"1":[1,0],"2":[1,0],"3":[0,0],"4":[0,0],"5":[0,0],"6":[0,1],"7":[1,0],"8":[1,0]},"_coverageSchema":"1a1c01bbd47fc00a2c39e90264f33305004495a9","hash":"5e0ad1d245c92d7ecb44a6739bf31d7b602c6fc7"}
,"/home/amandarodrigues/Documentos/trybe/projetos/frontend/app-de-receitas/sd-030-a-project-recipes-app/src/context/RecipeContext.jsx": {"path":"/home/amandarodrigues/Documentos/trybe/projetos/frontend/app-de-receitas/sd-030-a-project-recipes-app/src/context/RecipeContext.jsx","statementMap":{"0":{"start":{"line":1,"column":26},"end":{"line":1,"column":42}},"1":{"start":{"line":3,"column":22},"end":{"line":3,"column":37}}},"fnMap":{},"branchMap":{},"s":{"0":4,"1":4},"f":{},"b":{},"_coverageSchema":"1a1c01bbd47fc00a2c39e90264f33305004495a9","hash":"46e9d73f34e19a5e3366ce01e07e9b5ffb4a3188"}
,"/home/amandarodrigues/Documentos/trybe/projetos/frontend/app-de-receitas/sd-030-a-project-recipes-app/src/context/RecipeProvider.jsx": {"path":"/home/amandarodrigues/Documentos/trybe/projetos/frontend/app-de-receitas/sd-030-a-project-recipes-app/src/context/RecipeProvider.jsx","statementMap":{"0":{"start":{"line":6,"column":28},"end":{"line":6,"column":40}},"1":{"start":{"line":7,"column":30},"end":{"line":7,"column":42}},"2":{"start":{"line":9,"column":16},"end":{"line":14,"column":22}},"3":{"start":{"line":9,"column":31},"end":{"line":14,"column":3}},"4":{"start":{"line":16,"column":2},"end":{"line":20,"column":4}},"5":{"start":{"line":23,"column":0},"end":{"line":25,"column":2}}},"fnMap":{"0":{"name":"RecipeProvider","decl":{"start":{"line":5,"column":9},"end":{"line":5,"column":23}},"loc":{"start":{"line":5,"column":38},"end":{"line":21,"column":1}},"line":5},"1":{"name":"(anonymous_1)","decl":{"start":{"line":9,"column":24},"end":{"line":9,"column":25}},"loc":{"start":{"line":9,"column":31},"end":{"line":14,"column":3}},"line":9}},"branchMap":{},"s":{"0":25,"1":25,"2":25,"3":25,"4":25,"5":4},"f":{"0":25,"1":25},"b":{},"_coverageSchema":"1a1c01bbd47fc00a2c39e90264f33305004495a9","hash":"41db82033cecfcd5291b5d7865d8b38687cfac46"}
,"/home/amandarodrigues/Documentos/trybe/projetos/frontend/app-de-receitas/sd-030-a-project-recipes-app/src/pages/DoneRecipes.jsx": {"path":"/home/amandarodrigues/Documentos/trybe/projetos/frontend/app-de-receitas/sd-030-a-project-recipes-app/src/pages/DoneRecipes.jsx","statementMap":{"0":{"start":{"line":5,"column":2},"end":{"line":7,"column":4}}},"fnMap":{"0":{"name":"DoneRecipes","decl":{"start":{"line":4,"column":24},"end":{"line":4,"column":35}},"loc":{"start":{"line":4,"column":38},"end":{"line":8,"column":1}},"line":4}},"branchMap":{},"s":{"0":1},"f":{"0":1},"b":{},"_coverageSchema":"1a1c01bbd47fc00a2c39e90264f33305004495a9","hash":"6d624696bcb2c79eae36231c55649cbeb8b75259"}
,"/home/amandarodrigues/Documentos/trybe/projetos/frontend/app-de-receitas/sd-030-a-project-recipes-app/src/pages/FavoriteRecipes.jsx": {"path":"/home/amandarodrigues/Documentos/trybe/projetos/frontend/app-de-receitas/sd-030-a-project-recipes-app/src/pages/FavoriteRecipes.jsx","statementMap":{"0":{"start":{"line":5,"column":2},"end":{"line":7,"column":4}}},"fnMap":{"0":{"name":"FavoriteRecipes","decl":{"start":{"line":4,"column":24},"end":{"line":4,"column":39}},"loc":{"start":{"line":4,"column":42},"end":{"line":8,"column":1}},"line":4}},"branchMap":{},"s":{"0":1},"f":{"0":1},"b":{},"_coverageSchema":"1a1c01bbd47fc00a2c39e90264f33305004495a9","hash":"098d743fddf9ba057158c7969abdd38c282ccb5f"}
,"/home/amandarodrigues/Documentos/trybe/projetos/frontend/app-de-receitas/sd-030-a-project-recipes-app/src/pages/Login.jsx": {"path":"/home/amandarodrigues/Documentos/trybe/projetos/frontend/app-de-receitas/sd-030-a-project-recipes-app/src/pages/Login.jsx","statementMap":{"0":{"start":{"line":5,"column":18},"end":{"line":5,"column":30}},"1":{"start":{"line":6,"column":28},"end":{"line":6,"column":40}},"2":{"start":{"line":7,"column":34},"end":{"line":7,"column":46}},"3":{"start":{"line":9,"column":21},"end":{"line":16,"column":3}},"4":{"start":{"line":10,"column":19},"end":{"line":10,"column":20}},"5":{"start":{"line":11,"column":23},"end":{"line":11,"column":83}},"6":{"start":{"line":12,"column":22},"end":{"line":12,"column":46}},"7":{"start":{"line":13,"column":23},"end":{"line":13,"column":46}},"8":{"start":{"line":14,"column":25},"end":{"line":14,"column":59}},"9":{"start":{"line":14,"column":53},"end":{"line":14,"column":58}},"10":{"start":{"line":15,"column":4},"end":{"line":15,"column":25}},"11":{"start":{"line":18,"column":22},"end":{"line":21,"column":3}},"12":{"start":{"line":19,"column":4},"end":{"line":19,"column":60}},"13":{"start":{"line":20,"column":4},"end":{"line":20,"column":27}},"14":{"start":{"line":23,"column":2},"end":{"line":49,"column":4}},"15":{"start":{"line":30,"column":35},"end":{"line":30,"column":57}},"16":{"start":{"line":38,"column":35},"end":{"line":38,"column":60}}},"fnMap":{"0":{"name":"Login","decl":{"start":{"line":4,"column":24},"end":{"line":4,"column":29}},"loc":{"start":{"line":4,"column":32},"end":{"line":50,"column":1}},"line":4},"1":{"name":"(anonymous_1)","decl":{"start":{"line":9,"column":21},"end":{"line":9,"column":22}},"loc":{"start":{"line":9,"column":27},"end":{"line":16,"column":3}},"line":9},"2":{"name":"(anonymous_2)","decl":{"start":{"line":14,"column":42},"end":{"line":14,"column":43}},"loc":{"start":{"line":14,"column":53},"end":{"line":14,"column":58}},"line":14},"3":{"name":"(anonymous_3)","decl":{"start":{"line":18,"column":22},"end":{"line":18,"column":23}},"loc":{"start":{"line":18,"column":28},"end":{"line":21,"column":3}},"line":18},"4":{"name":"(anonymous_4)","decl":{"start":{"line":30,"column":19},"end":{"line":30,"column":20}},"loc":{"start":{"line":30,"column":35},"end":{"line":30,"column":57}},"line":30},"5":{"name":"(anonymous_5)","decl":{"start":{"line":38,"column":19},"end":{"line":38,"column":20}},"loc":{"start":{"line":38,"column":35},"end":{"line":38,"column":60}},"line":38}},"branchMap":{},"s":{"0":45,"1":45,"2":45,"3":45,"4":45,"5":45,"6":45,"7":45,"8":45,"9":55,"10":45,"11":45,"12":1,"13":1,"14":45,"15":29,"16":12},"f":{"0":45,"1":45,"2":55,"3":1,"4":29,"5":12},"b":{},"_coverageSchema":"1a1c01bbd47fc00a2c39e90264f33305004495a9","hash":"f15a23b0506fa2cea5e00d2d5104d83257ac40a4"}
,"/home/amandarodrigues/Documentos/trybe/projetos/frontend/app-de-receitas/sd-030-a-project-recipes-app/src/pages/Profile.jsx": {"path":"/home/amandarodrigues/Documentos/trybe/projetos/frontend/app-de-receitas/sd-030-a-project-recipes-app/src/pages/Profile.jsx","statementMap":{"0":{"start":{"line":5,"column":2},"end":{"line":7,"column":4}}},"fnMap":{"0":{"name":"Profile","decl":{"start":{"line":4,"column":24},"end":{"line":4,"column":31}},"loc":{"start":{"line":4,"column":34},"end":{"line":8,"column":1}},"line":4}},"branchMap":{},"s":{"0":2},"f":{"0":2},"b":{},"_coverageSchema":"1a1c01bbd47fc00a2c39e90264f33305004495a9","hash":"c30256929e738a38983d9e2a242938dd880682de"}
,"/home/amandarodrigues/Documentos/trybe/projetos/frontend/app-de-receitas/sd-030-a-project-recipes-app/src/pages/RecipeDetails.jsx": {"path":"/home/amandarodrigues/Documentos/trybe/projetos/frontend/app-de-receitas/sd-030-a-project-recipes-app/src/pages/RecipeDetails.jsx","statementMap":{"0":{"start":{"line":6,"column":30},"end":{"line":6,"column":42}},"1":{"start":{"line":8,"column":19},"end":{"line":8,"column":32}},"2":{"start":{"line":9,"column":18},"end":{"line":9,"column":29}},"3":{"start":{"line":11,"column":25},"end":{"line":14,"column":10}},"4":{"start":{"line":12,"column":24},"end":{"line":12,"column":50}},"5":{"start":{"line":13,"column":4},"end":{"line":13,"column":27}},"6":{"start":{"line":16,"column":26},"end":{"line":19,"column":10}},"7":{"start":{"line":17,"column":25},"end":{"line":17,"column":52}},"8":{"start":{"line":18,"column":4},"end":{"line":18,"column":28}},"9":{"start":{"line":21,"column":2},"end":{"line":27,"column":59}},"10":{"start":{"line":22,"column":4},"end":{"line":26,"column":5}},"11":{"start":{"line":23,"column":6},"end":{"line":23,"column":23}},"12":{"start":{"line":25,"column":6},"end":{"line":25,"column":24}},"13":{"start":{"line":29,"column":2},"end":{"line":45,"column":4}}},"fnMap":{"0":{"name":"RecipeDetails","decl":{"start":{"line":5,"column":24},"end":{"line":5,"column":37}},"loc":{"start":{"line":5,"column":40},"end":{"line":46,"column":1}},"line":5},"1":{"name":"(anonymous_1)","decl":{"start":{"line":11,"column":37},"end":{"line":11,"column":38}},"loc":{"start":{"line":11,"column":49},"end":{"line":14,"column":3}},"line":11},"2":{"name":"(anonymous_2)","decl":{"start":{"line":16,"column":38},"end":{"line":16,"column":39}},"loc":{"start":{"line":16,"column":50},"end":{"line":19,"column":3}},"line":16},"3":{"name":"(anonymous_3)","decl":{"start":{"line":21,"column":12},"end":{"line":21,"column":13}},"loc":{"start":{"line":21,"column":18},"end":{"line":27,"column":3}},"line":21}},"branchMap":{"0":{"loc":{"start":{"line":22,"column":4},"end":{"line":26,"column":5}},"type":"if","locations":[{"start":{"line":22,"column":4},"end":{"line":26,"column":5}},{"start":{"line":24,"column":11},"end":{"line":26,"column":5}}],"line":22},"1":{"loc":{"start":{"line":33,"column":10},"end":{"line":41,"column":9}},"type":"cond-expr","locations":[{"start":{"line":34,"column":10},"end":{"line":36,"column":16}},{"start":{"line":38,"column":10},"end":{"line":40,"column":16}}],"line":33}},"s":{"0":0,"1":0,"2":0,"3":0,"4":0,"5":0,"6":0,"7":0,"8":0,"9":0,"10":0,"11":0,"12":0,"13":0},"f":{"0":0,"1":0,"2":0,"3":0},"b":{"0":[0,0],"1":[0,0]},"_coverageSchema":"1a1c01bbd47fc00a2c39e90264f33305004495a9","hash":"a18e4b901a70bc648850778416472e8c55ed8c38"}
,"/home/amandarodrigues/Documentos/trybe/projetos/frontend/app-de-receitas/sd-030-a-project-recipes-app/src/pages/RecipeInProgress.jsx": {"path":"/home/amandarodrigues/Documentos/trybe/projetos/frontend/app-de-receitas/sd-030-a-project-recipes-app/src/pages/RecipeInProgress.jsx","statementMap":{"0":{"start":{"line":4,"column":2},"end":{"line":6,"column":4}}},"fnMap":{"0":{"name":"RecipeInProgress","decl":{"start":{"line":3,"column":24},"end":{"line":3,"column":40}},"loc":{"start":{"line":3,"column":43},"end":{"line":7,"column":1}},"line":3}},"branchMap":{},"s":{"0":0},"f":{"0":0},"b":{},"_coverageSchema":"1a1c01bbd47fc00a2c39e90264f33305004495a9","hash":"42c0e92449687fecfab8e837092b74f6cbb6ff45"}
,"/home/amandarodrigues/Documentos/trybe/projetos/frontend/app-de-receitas/sd-030-a-project-recipes-app/src/pages/Recipes.jsx": {"path":"/home/amandarodrigues/Documentos/trybe/projetos/frontend/app-de-receitas/sd-030-a-project-recipes-app/src/pages/Recipes.jsx","statementMap":{"0":{"start":{"line":14,"column":13},"end":{"line":14,"column":15}},"1":{"start":{"line":17,"column":44},"end":{"line":17,"column":56}},"2":{"start":{"line":18,"column":46},"end":{"line":18,"column":58}},"3":{"start":{"line":19,"column":50},"end":{"line":19,"column":62}},"4":{"start":{"line":20,"column":34},"end":{"line":20,"column":46}},"5":{"start":{"line":21,"column":36},"end":{"line":21,"column":48}},"6":{"start":{"line":23,"column":19},"end":{"line":23,"column":32}},"7":{"start":{"line":24,"column":49},"end":{"line":24,"column":74}},"8":{"start":{"line":26,"column":22},"end":{"line":36,"column":46}},"9":{"start":{"line":27,"column":4},"end":{"line":35,"column":5}},"10":{"start":{"line":28,"column":27},"end":{"line":28,"column":45}},"11":{"start":{"line":29,"column":6},"end":{"line":29,"column":29}},"12":{"start":{"line":30,"column":6},"end":{"line":30,"column":32}},"13":{"start":{"line":32,"column":27},"end":{"line":32,"column":46}},"14":{"start":{"line":33,"column":6},"end":{"line":33,"column":30}},"15":{"start":{"line":34,"column":6},"end":{"line":34,"column":33}},"16":{"start":{"line":38,"column":26},"end":{"line":46,"column":25}},"17":{"start":{"line":39,"column":4},"end":{"line":45,"column":5}},"18":{"start":{"line":40,"column":30},"end":{"line":40,"column":58}},"19":{"start":{"line":41,"column":6},"end":{"line":41,"column":69}},"20":{"start":{"line":43,"column":31},"end":{"line":43,"column":60}},"21":{"start":{"line":44,"column":6},"end":{"line":44,"column":71}},"22":{"start":{"line":48,"column":2},"end":{"line":51,"column":37}},"23":{"start":{"line":49,"column":4},"end":{"line":49,"column":18}},"24":{"start":{"line":50,"column":4},"end":{"line":50,"column":22}},"25":{"start":{"line":53,"column":27},"end":{"line":64,"column":3}},"26":{"start":{"line":54,"column":4},"end":{"line":54,"column":34}},"27":{"start":{"line":55,"column":4},"end":{"line":63,"column":5}},"28":{"start":{"line":56,"column":33},"end":{"line":56,"column":68}},"29":{"start":{"line":57,"column":24},"end":{"line":57,"column":85}},"30":{"start":{"line":58,"column":6},"end":{"line":58,"column":26}},"31":{"start":{"line":60,"column":34},"end":{"line":60,"column":70}},"32":{"start":{"line":61,"column":24},"end":{"line":61,"column":87}},"33":{"start":{"line":62,"column":6},"end":{"line":62,"column":27}},"34":{"start":{"line":66,"column":20},"end":{"line":66,"column":73}},"35":{"start":{"line":66,"column":60},"end":{"line":66,"column":72}},"36":{"start":{"line":67,"column":21},"end":{"line":67,"column":76}},"37":{"start":{"line":67,"column":63},"end":{"line":67,"column":75}},"38":{"start":{"line":69,"column":2},"end":{"line":122,"column":4}},"39":{"start":{"line":76,"column":12},"end":{"line":82,"column":21}},"40":{"start":{"line":79,"column":30},"end":{"line":79,"column":59}},"41":{"start":{"line":87,"column":14},"end":{"line":93,"column":23}},"42":{"start":{"line":90,"column":32},"end":{"line":90,"column":61}},"43":{"start":{"line":100,"column":12},"end":{"line":106,"column":19}},"44":{"start":{"line":111,"column":16},"end":{"line":117,"column":23}}},"fnMap":{"0":{"name":"Recipes","decl":{"start":{"line":16,"column":24},"end":{"line":16,"column":31}},"loc":{"start":{"line":16,"column":34},"end":{"line":123,"column":1}},"line":16},"1":{"name":"(anonymous_1)","decl":{"start":{"line":26,"column":34},"end":{"line":26,"column":35}},"loc":{"start":{"line":26,"column":46},"end":{"line":36,"column":3}},"line":26},"2":{"name":"(anonymous_2)","decl":{"start":{"line":38,"column":38},"end":{"line":38,"column":39}},"loc":{"start":{"line":38,"column":50},"end":{"line":46,"column":3}},"line":38},"3":{"name":"(anonymous_3)","decl":{"start":{"line":48,"column":12},"end":{"line":48,"column":13}},"loc":{"start":{"line":48,"column":18},"end":{"line":51,"column":3}},"line":48},"4":{"name":"(anonymous_4)","decl":{"start":{"line":53,"column":27},"end":{"line":53,"column":28}},"loc":{"start":{"line":53,"column":47},"end":{"line":64,"column":3}},"line":53},"5":{"name":"(anonymous_5)","decl":{"start":{"line":66,"column":42},"end":{"line":66,"column":43}},"loc":{"start":{"line":66,"column":60},"end":{"line":66,"column":72}},"line":66},"6":{"name":"(anonymous_6)","decl":{"start":{"line":67,"column":45},"end":{"line":67,"column":46}},"loc":{"start":{"line":67,"column":63},"end":{"line":67,"column":75}},"line":67},"7":{"name":"(anonymous_7)","decl":{"start":{"line":75,"column":28},"end":{"line":75,"column":29}},"loc":{"start":{"line":76,"column":12},"end":{"line":82,"column":21}},"line":76},"8":{"name":"(anonymous_8)","decl":{"start":{"line":79,"column":24},"end":{"line":79,"column":25}},"loc":{"start":{"line":79,"column":30},"end":{"line":79,"column":59}},"line":79},"9":{"name":"(anonymous_9)","decl":{"start":{"line":86,"column":31},"end":{"line":86,"column":32}},"loc":{"start":{"line":87,"column":14},"end":{"line":93,"column":23}},"line":87},"10":{"name":"(anonymous_10)","decl":{"start":{"line":90,"column":26},"end":{"line":90,"column":27}},"loc":{"start":{"line":90,"column":32},"end":{"line":90,"column":61}},"line":90},"11":{"name":"(anonymous_11)","decl":{"start":{"line":99,"column":37},"end":{"line":99,"column":38}},"loc":{"start":{"line":100,"column":12},"end":{"line":106,"column":19}},"line":100},"12":{"name":"(anonymous_12)","decl":{"start":{"line":110,"column":19},"end":{"line":110,"column":20}},"loc":{"start":{"line":111,"column":16},"end":{"line":117,"column":23}},"line":111}},"branchMap":{"0":{"loc":{"start":{"line":27,"column":4},"end":{"line":35,"column":5}},"type":"if","locations":[{"start":{"line":27,"column":4},"end":{"line":35,"column":5}},{"start":{"line":31,"column":11},"end":{"line":35,"column":5}}],"line":27},"1":{"loc":{"start":{"line":39,"column":4},"end":{"line":45,"column":5}},"type":"if","locations":[{"start":{"line":39,"column":4},"end":{"line":45,"column":5}},{"start":{"line":42,"column":11},"end":{"line":45,"column":5}}],"line":39},"2":{"loc":{"start":{"line":55,"column":4},"end":{"line":63,"column":5}},"type":"if","locations":[{"start":{"line":55,"column":4},"end":{"line":63,"column":5}},{"start":{"line":59,"column":11},"end":{"line":63,"column":5}}],"line":55},"3":{"loc":{"start":{"line":57,"column":24},"end":{"line":57,"column":85}},"type":"cond-expr","locations":[{"start":{"line":57,"column":56},"end":{"line":57,"column":64}},{"start":{"line":57,"column":67},"end":{"line":57,"column":85}}],"line":57},"4":{"loc":{"start":{"line":61,"column":24},"end":{"line":61,"column":87}},"type":"cond-expr","locations":[{"start":{"line":61,"column":56},"end":{"line":61,"column":65}},{"start":{"line":61,"column":68},"end":{"line":61,"column":87}}],"line":61},"5":{"loc":{"start":{"line":66,"column":20},"end":{"line":66,"column":73}},"type":"binary-expr","locations":[{"start":{"line":66,"column":20},"end":{"line":66,"column":25}},{"start":{"line":66,"column":29},"end":{"line":66,"column":73}}],"line":66},"6":{"loc":{"start":{"line":67,"column":21},"end":{"line":67,"column":76}},"type":"binary-expr","locations":[{"start":{"line":67,"column":21},"end":{"line":67,"column":27}},{"start":{"line":67,"column":31},"end":{"line":67,"column":76}}],"line":67},"7":{"loc":{"start":{"line":74,"column":10},"end":{"line":95,"column":11}},"type":"cond-expr","locations":[{"start":{"line":75,"column":10},"end":{"line":83,"column":12}},{"start":{"line":86,"column":12},"end":{"line":94,"column":14}}],"line":74},"8":{"loc":{"start":{"line":98,"column":10},"end":{"line":119,"column":11}},"type":"cond-expr","locations":[{"start":{"line":99,"column":10},"end":{"line":107,"column":12}},{"start":{"line":109,"column":12},"end":{"line":118,"column":16}}],"line":98},"9":{"loc":{"start":{"line":99,"column":10},"end":{"line":107,"column":12}},"type":"binary-expr","locations":[{"start":{"line":99,"column":10},"end":{"line":99,"column":19}},{"start":{"line":99,"column":23},"end":{"line":107,"column":12}}],"line":99},"10":{"loc":{"start":{"line":109,"column":12},"end":{"line":118,"column":16}},"type":"binary-expr","locations":[{"start":{"line":109,"column":12},"end":{"line":109,"column":22}},{"start":{"line":109,"column":26},"end":{"line":118,"column":16}}],"line":109}},"s":{"0":3,"1":33,"2":33,"3":33,"4":33,"5":33,"6":33,"7":33,"8":33,"9":12,"10":8,"11":3,"12":3,"13":4,"14":3,"15":3,"16":33,"17":12,"18":8,"19":3,"20":4,"21":3,"22":33,"23":12,"24":12,"25":33,"26":8,"27":8,"28":4,"29":4,"30":4,"31":4,"32":2,"33":2,"34":33,"35":278,"36":33,"37":184,"38":33,"39":66,"40":4,"41":60,"42":4,"43":96,"44":96},"f":{"0":33,"1":12,"2":12,"3":12,"4":8,"5":278,"6":184,"7":66,"8":4,"9":60,"10":4,"11":96,"12":96},"b":{"0":[8,4],"1":[8,4],"2":[4,4],"3":[1,3],"4":[0,2],"5":[33,33],"6":[33,33],"7":[19,14],"8":[19,14],"9":[19,19],"10":[14,14]},"_coverageSchema":"1a1c01bbd47fc00a2c39e90264f33305004495a9","hash":"f5718f2a761590770c1aadc3f0f75d321eab532c"}
,"/home/amandarodrigues/Documentos/trybe/projetos/frontend/app-de-receitas/sd-030-a-project-recipes-app/src/services/fetchAPI.js": {"path":"/home/amandarodrigues/Documentos/trybe/projetos/frontend/app-de-receitas/sd-030-a-project-recipes-app/src/services/fetchAPI.js","statementMap":{"0":{"start":{"line":1,"column":26},"end":{"line":23,"column":1}},"1":{"start":{"line":2,"column":12},"end":{"line":2,"column":14}},"2":{"start":{"line":3,"column":2},"end":{"line":15,"column":3}},"3":{"start":{"line":5,"column":4},"end":{"line":5,"column":75}},"4":{"start":{"line":6,"column":4},"end":{"line":6,"column":10}},"5":{"start":{"line":8,"column":4},"end":{"line":8,"column":75}},"6":{"start":{"line":9,"column":4},"end":{"line":9,"column":10}},"7":{"start":{"line":11,"column":4},"end":{"line":11,"column":75}},"8":{"start":{"line":12,"column":4},"end":{"line":12,"column":10}},"9":{"start":{"line":14,"column":4},"end":{"line":14,"column":66}},"10":{"start":{"line":16,"column":2},"end":{"line":22,"column":3}},"11":{"start":{"line":17,"column":21},"end":{"line":17,"column":37}},"12":{"start":{"line":18,"column":17},"end":{"line":18,"column":38}},"13":{"start":{"line":19,"column":4},"end":{"line":19,"column":22}},"14":{"start":{"line":21,"column":4},"end":{"line":21,"column":23}},"15":{"start":{"line":25,"column":27},"end":{"line":47,"column":1}},"16":{"start":{"line":26,"column":12},"end":{"line":26,"column":14}},"17":{"start":{"line":27,"column":2},"end":{"line":39,"column":3}},"18":{"start":{"line":29,"column":4},"end":{"line":29,"column":79}},"19":{"start":{"line":30,"column":4},"end":{"line":30,"column":10}},"20":{"start":{"line":32,"column":4},"end":{"line":32,"column":79}},"21":{"start":{"line":33,"column":4},"end":{"line":33,"column":10}},"22":{"start":{"line":35,"column":4},"end":{"line":35,"column":79}},"23":{"start":{"line":36,"column":4},"end":{"line":36,"column":10}},"24":{"start":{"line":38,"column":4},"end":{"line":38,"column":70}},"25":{"start":{"line":40,"column":2},"end":{"line":46,"column":3}},"26":{"start":{"line":41,"column":21},"end":{"line":41,"column":37}},"27":{"start":{"line":42,"column":17},"end":{"line":42,"column":38}},"28":{"start":{"line":43,"column":4},"end":{"line":43,"column":23}},"29":{"start":{"line":45,"column":4},"end":{"line":45,"column":23}},"30":{"start":{"line":49,"column":13},"end":{"line":49,"column":14}},"31":{"start":{"line":51,"column":36},"end":{"line":59,"column":1}},"32":{"start":{"line":52,"column":2},"end":{"line":58,"column":3}},"33":{"start":{"line":53,"column":21},"end":{"line":53,"column":91}},"34":{"start":{"line":54,"column":17},"end":{"line":54,"column":38}},"35":{"start":{"line":55,"column":4},"end":{"line":55,"column":60}},"36":{"start":{"line":55,"column":46},"end":{"line":55,"column":58}},"37":{"start":{"line":57,"column":4},"end":{"line":57,"column":23}},"38":{"start":{"line":61,"column":37},"end":{"line":69,"column":1}},"39":{"start":{"line":62,"column":2},"end":{"line":68,"column":3}},"40":{"start":{"line":63,"column":21},"end":{"line":63,"column":95}},"41":{"start":{"line":64,"column":17},"end":{"line":64,"column":38}},"42":{"start":{"line":65,"column":4},"end":{"line":65,"column":61}},"43":{"start":{"line":65,"column":47},"end":{"line":65,"column":59}},"44":{"start":{"line":67,"column":4},"end":{"line":67,"column":23}},"45":{"start":{"line":71,"column":35},"end":{"line":81,"column":1}},"46":{"start":{"line":72,"column":12},"end":{"line":72,"column":14}},"47":{"start":{"line":73,"column":2},"end":{"line":77,"column":3}},"48":{"start":{"line":74,"column":4},"end":{"line":74,"column":66}},"49":{"start":{"line":76,"column":4},"end":{"line":76,"column":77}},"50":{"start":{"line":78,"column":19},"end":{"line":78,"column":35}},"51":{"start":{"line":79,"column":15},"end":{"line":79,"column":36}},"52":{"start":{"line":80,"column":2},"end":{"line":80,"column":20}},"53":{"start":{"line":83,"column":36},"end":{"line":94,"column":1}},"54":{"start":{"line":84,"column":12},"end":{"line":84,"column":14}},"55":{"start":{"line":85,"column":2},"end":{"line":89,"column":3}},"56":{"start":{"line":86,"column":4},"end":{"line":86,"column":70}},"57":{"start":{"line":88,"column":4},"end":{"line":88,"column":81}},"58":{"start":{"line":90,"column":19},"end":{"line":90,"column":35}},"59":{"start":{"line":91,"column":15},"end":{"line":91,"column":36}},"60":{"start":{"line":92,"column":2},"end":{"line":92,"column":27}},"61":{"start":{"line":93,"column":2},"end":{"line":93,"column":21}},"62":{"start":{"line":97,"column":14},"end":{"line":97,"column":74}},"63":{"start":{"line":98,"column":17},"end":{"line":98,"column":33}},"64":{"start":{"line":99,"column":15},"end":{"line":99,"column":34}},"65":{"start":{"line":100,"column":2},"end":{"line":100,"column":25}},"66":{"start":{"line":104,"column":14},"end":{"line":104,"column":78}},"67":{"start":{"line":105,"column":17},"end":{"line":105,"column":33}},"68":{"start":{"line":106,"column":15},"end":{"line":106,"column":34}},"69":{"start":{"line":107,"column":2},"end":{"line":107,"column":26}}},"fnMap":{"0":{"name":"(anonymous_0)","decl":{"start":{"line":1,"column":26},"end":{"line":1,"column":27}},"loc":{"start":{"line":1,"column":50},"end":{"line":23,"column":1}},"line":1},"1":{"name":"(anonymous_1)","decl":{"start":{"line":25,"column":27},"end":{"line":25,"column":28}},"loc":{"start":{"line":25,"column":51},"end":{"line":47,"column":1}},"line":25},"2":{"name":"(anonymous_2)","decl":{"start":{"line":51,"column":36},"end":{"line":51,"column":37}},"loc":{"start":{"line":51,"column":48},"end":{"line":59,"column":1}},"line":51},"3":{"name":"(anonymous_3)","decl":{"start":{"line":55,"column":29},"end":{"line":55,"column":30}},"loc":{"start":{"line":55,"column":46},"end":{"line":55,"column":58}},"line":55},"4":{"name":"(anonymous_4)","decl":{"start":{"line":61,"column":37},"end":{"line":61,"column":38}},"loc":{"start":{"line":61,"column":49},"end":{"line":69,"column":1}},"line":61},"5":{"name":"(anonymous_5)","decl":{"start":{"line":65,"column":30},"end":{"line":65,"column":31}},"loc":{"start":{"line":65,"column":47},"end":{"line":65,"column":59}},"line":65},"6":{"name":"(anonymous_6)","decl":{"start":{"line":71,"column":35},"end":{"line":71,"column":36}},"loc":{"start":{"line":71,"column":55},"end":{"line":81,"column":1}},"line":71},"7":{"name":"(anonymous_7)","decl":{"start":{"line":83,"column":36},"end":{"line":83,"column":37}},"loc":{"start":{"line":83,"column":56},"end":{"line":94,"column":1}},"line":83},"8":{"name":"getFoodRecipesId","decl":{"start":{"line":96,"column":22},"end":{"line":96,"column":38}},"loc":{"start":{"line":96,"column":43},"end":{"line":101,"column":1}},"line":96},"9":{"name":"getDrinkRecipesId","decl":{"start":{"line":103,"column":22},"end":{"line":103,"column":39}},"loc":{"start":{"line":103,"column":44},"end":{"line":108,"column":1}},"line":103}},"branchMap":{"0":{"loc":{"start":{"line":3,"column":2},"end":{"line":15,"column":3}},"type":"switch","locations":[{"start":{"line":4,"column":2},"end":{"line":6,"column":10}},{"start":{"line":7,"column":2},"end":{"line":9,"column":10}},{"start":{"line":10,"column":2},"end":{"line":12,"column":10}},{"start":{"line":13,"column":2},"end":{"line":14,"column":66}}],"line":3},"1":{"loc":{"start":{"line":27,"column":2},"end":{"line":39,"column":3}},"type":"switch","locations":[{"start":{"line":28,"column":2},"end":{"line":30,"column":10}},{"start":{"line":31,"column":2},"end":{"line":33,"column":10}},{"start":{"line":34,"column":2},"end":{"line":36,"column":10}},{"start":{"line":37,"column":2},"end":{"line":38,"column":70}}],"line":27},"2":{"loc":{"start":{"line":73,"column":2},"end":{"line":77,"column":3}},"type":"if","locations":[{"start":{"line":73,"column":2},"end":{"line":77,"column":3}},{"start":{"line":75,"column":9},"end":{"line":77,"column":3}}],"line":73},"3":{"loc":{"start":{"line":85,"column":2},"end":{"line":89,"column":3}},"type":"if","locations":[{"start":{"line":85,"column":2},"end":{"line":89,"column":3}},{"start":{"line":87,"column":9},"end":{"line":89,"column":3}}],"line":85}},"s":{"0":4,"1":9,"2":9,"3":0,"4":0,"5":1,"6":1,"7":0,"8":0,"9":8,"10":9,"11":9,"12":4,"13":4,"14":0,"15":4,"16":4,"17":4,"18":0,"19":0,"20":0,"21":0,"22":0,"23":0,"24":4,"25":4,"26":4,"27":3,"28":3,"29":0,"30":4,"31":4,"32":8,"33":8,"34":3,"35":3,"36":42,"37":0,"38":4,"39":4,"40":4,"41":3,"42":3,"43":33,"44":0,"45":4,"46":4,"47":4,"48":1,"49":3,"50":4,"51":4,"52":4,"53":4,"54":4,"55":4,"56":1,"57":3,"58":4,"59":2,"60":2,"61":2,"62":0,"63":0,"64":0,"65":0,"66":0,"67":0,"68":0,"69":0},"f":{"0":9,"1":4,"2":8,"3":42,"4":4,"5":33,"6":4,"7":4,"8":0,"9":0},"b":{"0":[0,1,0,8],"1":[0,0,0,4],"2":[1,3],"3":[1,3]},"_coverageSchema":"1a1c01bbd47fc00a2c39e90264f33305004495a9","hash":"1e6f08e0119a3807cce58d8cae080249f4a566c0"}
}
