{"total": {"lines":{"total":347,"covered":330,"skipped":0,"pct":95.1},"statements":{"total":358,"covered":340,"skipped":0,"pct":94.97},"functions":{"total":95,"covered":92,"skipped":0,"pct":96.84},"branches":{"total":203,"covered":189,"skipped":0,"pct":93.1},"branchesTrue":{"total":0,"covered":0,"skipped":0,"pct":100}}
,"/home/amandarodrigues/Documentos/trybe/projetos/frontend/app-de-receitas/sd-030-a-project-recipes-app/src/App.js": {"lines":{"total":1,"covered":1,"skipped":0,"pct":100},"functions":{"total":1,"covered":1,"skipped":0,"pct":100},"statements":{"total":1,"covered":1,"skipped":0,"pct":100},"branches":{"total":0,"covered":0,"skipped":0,"pct":100}}
,"/home/amandarodrigues/Documentos/trybe/projetos/frontend/app-de-receitas/sd-030-a-project-recipes-app/src/components/ButtonFavorite.jsx": {"lines":{"total":21,"covered":17,"skipped":0,"pct":80.95},"functions":{"total":5,"covered":4,"skipped":0,"pct":80},"statements":{"total":22,"covered":17,"skipped":0,"pct":77.27},"branches":{"total":28,"covered":23,"skipped":0,"pct":82.14}}
,"/home/amandarodrigues/Documentos/trybe/projetos/frontend/app-de-receitas/sd-030-a-project-recipes-app/src/components/ButtonShare.jsx": {"lines":{"total":15,"covered":7,"skipped":0,"pct":46.66},"functions":{"total":2,"covered":1,"skipped":0,"pct":50},"statements":{"total":15,"covered":7,"skipped":0,"pct":46.66},"branches":{"total":8,"covered":3,"skipped":0,"pct":37.5}}
,"/home/amandarodrigues/Documentos/trybe/projetos/frontend/app-de-receitas/sd-030-a-project-recipes-app/src/components/CardDoneAndFavorite.jsx": {"lines":{"total":5,"covered":5,"skipped":0,"pct":100},"functions":{"total":2,"covered":2,"skipped":0,"pct":100},"statements":{"total":5,"covered":5,"skipped":0,"pct":100},"branches":{"total":6,"covered":6,"skipped":0,"pct":100}}
,"/home/amandarodrigues/Documentos/trybe/projetos/frontend/app-de-receitas/sd-030-a-project-recipes-app/src/components/CardRecipe.jsx": {"lines":{"total":2,"covered":2,"skipped":0,"pct":100},"functions":{"total":1,"covered":1,"skipped":0,"pct":100},"statements":{"total":2,"covered":2,"skipped":0,"pct":100},"branches":{"total":0,"covered":0,"skipped":0,"pct":100}}
,"/home/amandarodrigues/Documentos/trybe/projetos/frontend/app-de-receitas/sd-030-a-project-recipes-app/src/components/CardRecipeDetails.jsx": {"lines":{"total":20,"covered":20,"skipped":0,"pct":100},"functions":{"total":10,"covered":10,"skipped":0,"pct":100},"statements":{"total":22,"covered":22,"skipped":0,"pct":100},"branches":{"total":25,"covered":25,"skipped":0,"pct":100}}
,"/home/amandarodrigues/Documentos/trybe/projetos/frontend/app-de-receitas/sd-030-a-project-recipes-app/src/components/Carrousel.jsx": {"lines":{"total":5,"covered":5,"skipped":0,"pct":100},"functions":{"total":3,"covered":3,"skipped":0,"pct":100},"statements":{"total":6,"covered":6,"skipped":0,"pct":100},"branches":{"total":6,"covered":6,"skipped":0,"pct":100}}
,"/home/amandarodrigues/Documentos/trybe/projetos/frontend/app-de-receitas/sd-030-a-project-recipes-app/src/components/FiltersDoneAndFavorite.jsx": {"lines":{"total":16,"covered":16,"skipped":0,"pct":100},"functions":{"total":7,"covered":7,"skipped":0,"pct":100},"statements":{"total":17,"covered":17,"skipped":0,"pct":100},"branches":{"total":4,"covered":4,"skipped":0,"pct":100}}
,"/home/amandarodrigues/Documentos/trybe/projetos/frontend/app-de-receitas/sd-030-a-project-recipes-app/src/components/Footer.jsx": {"lines":{"total":4,"covered":4,"skipped":0,"pct":100},"functions":{"total":3,"covered":3,"skipped":0,"pct":100},"statements":{"total":4,"covered":4,"skipped":0,"pct":100},"branches":{"total":0,"covered":0,"skipped":0,"pct":100}}
,"/home/amandarodrigues/Documentos/trybe/projetos/frontend/app-de-receitas/sd-030-a-project-recipes-app/src/components/Header.jsx": {"lines":{"total":19,"covered":19,"skipped":0,"pct":100},"functions":{"total":3,"covered":3,"skipped":0,"pct":100},"statements":{"total":19,"covered":19,"skipped":0,"pct":100},"branches":{"total":20,"covered":20,"skipped":0,"pct":100}}
,"/home/amandarodrigues/Documentos/trybe/projetos/frontend/app-de-receitas/sd-030-a-project-recipes-app/src/components/IngredientCheckbox.jsx": {"lines":{"total":26,"covered":24,"skipped":0,"pct":92.3},"functions":{"total":7,"covered":6,"skipped":0,"pct":85.71},"statements":{"total":28,"covered":26,"skipped":0,"pct":92.85},"branches":{"total":16,"covered":14,"skipped":0,"pct":87.5}}
,"/home/amandarodrigues/Documentos/trybe/projetos/frontend/app-de-receitas/sd-030-a-project-recipes-app/src/components/SearchBar.jsx": {"lines":{"total":20,"covered":20,"skipped":0,"pct":100},"functions":{"total":6,"covered":6,"skipped":0,"pct":100},"statements":{"total":20,"covered":20,"skipped":0,"pct":100},"branches":{"total":12,"covered":12,"skipped":0,"pct":100}}
,"/home/amandarodrigues/Documentos/trybe/projetos/frontend/app-de-receitas/sd-030-a-project-recipes-app/src/context/RecipeContext.jsx": {"lines":{"total":2,"covered":2,"skipped":0,"pct":100},"functions":{"total":0,"covered":0,"skipped":0,"pct":100},"statements":{"total":2,"covered":2,"skipped":0,"pct":100},"branches":{"total":0,"covered":0,"skipped":0,"pct":100}}
,"/home/amandarodrigues/Documentos/trybe/projetos/frontend/app-de-receitas/sd-030-a-project-recipes-app/src/context/RecipeProvider.jsx": {"lines":{"total":10,"covered":10,"skipped":0,"pct":100},"functions":{"total":2,"covered":2,"skipped":0,"pct":100},"statements":{"total":10,"covered":10,"skipped":0,"pct":100},"branches":{"total":0,"covered":0,"skipped":0,"pct":100}}
,"/home/amandarodrigues/Documentos/trybe/projetos/frontend/app-de-receitas/sd-030-a-project-recipes-app/src/pages/DoneRecipes.jsx": {"lines":{"total":6,"covered":6,"skipped":0,"pct":100},"functions":{"total":3,"covered":3,"skipped":0,"pct":100},"statements":{"total":6,"covered":6,"skipped":0,"pct":100},"branches":{"total":2,"covered":2,"skipped":0,"pct":100}}
,"/home/amandarodrigues/Documentos/trybe/projetos/frontend/app-de-receitas/sd-030-a-project-recipes-app/src/pages/FavoriteRecipes.jsx": {"lines":{"total":12,"covered":12,"skipped":0,"pct":100},"functions":{"total":6,"covered":6,"skipped":0,"pct":100},"statements":{"total":13,"covered":13,"skipped":0,"pct":100},"branches":{"total":2,"covered":2,"skipped":0,"pct":100}}
,"/home/amandarodrigues/Documentos/trybe/projetos/frontend/app-de-receitas/sd-030-a-project-recipes-app/src/pages/Login.jsx": {"lines":{"total":16,"covered":16,"skipped":0,"pct":100},"functions":{"total":6,"covered":6,"skipped":0,"pct":100},"statements":{"total":17,"covered":17,"skipped":0,"pct":100},"branches":{"total":0,"covered":0,"skipped":0,"pct":100}}
,"/home/amandarodrigues/Documentos/trybe/projetos/frontend/app-de-receitas/sd-030-a-project-recipes-app/src/pages/Profile.jsx": {"lines":{"total":8,"covered":8,"skipped":0,"pct":100},"functions":{"total":4,"covered":4,"skipped":0,"pct":100},"statements":{"total":8,"covered":8,"skipped":0,"pct":100},"branches":{"total":2,"covered":2,"skipped":0,"pct":100}}
,"/home/amandarodrigues/Documentos/trybe/projetos/frontend/app-de-receitas/sd-030-a-project-recipes-app/src/pages/RecipeDetails.jsx": {"lines":{"total":17,"covered":17,"skipped":0,"pct":100},"functions":{"total":5,"covered":5,"skipped":0,"pct":100},"statements":{"total":17,"covered":17,"skipped":0,"pct":100},"branches":{"total":8,"covered":8,"skipped":0,"pct":100}}
,"/home/amandarodrigues/Documentos/trybe/projetos/frontend/app-de-receitas/sd-030-a-project-recipes-app/src/pages/RecipeInProgress.jsx": {"lines":{"total":18,"covered":18,"skipped":0,"pct":100},"functions":{"total":3,"covered":3,"skipped":0,"pct":100},"statements":{"total":20,"covered":20,"skipped":0,"pct":100},"branches":{"total":32,"covered":30,"skipped":0,"pct":93.75}}
,"/home/amandarodrigues/Documentos/trybe/projetos/frontend/app-de-receitas/sd-030-a-project-recipes-app/src/pages/Recipes.jsx": {"lines":{"total":25,"covered":25,"skipped":0,"pct":100},"functions":{"total":8,"covered":8,"skipped":0,"pct":100},"statements":{"total":25,"covered":25,"skipped":0,"pct":100},"branches":{"total":12,"covered":12,"skipped":0,"pct":100}}
,"/home/amandarodrigues/Documentos/trybe/projetos/frontend/app-de-receitas/sd-030-a-project-recipes-app/src/services/fetchAPI.js": {"lines":{"total":79,"covered":76,"skipped":0,"pct":96.2},"functions":{"total":8,"covered":8,"skipped":0,"pct":100},"statements":{"total":79,"covered":76,"skipped":0,"pct":96.2},"branches":{"total":20,"covered":20,"skipped":0,"pct":100}}
}
