TN:
SF:src/App.js
FN:14,App
FNF:1
FNH:1
FNDA:9,App
DA:15,9
LF:1
LH:1
BRF:0
BRH:0
end_of_record
TN:
SF:src/components/Card.jsx
FN:5,Card
FNF:1
FNH:1
FNDA:168,Card
DA:6,168
DA:14,3
LF:2
LH:2
BRF:0
BRH:0
end_of_record
TN:
SF:src/components/Footer.jsx
FN:3,Footer
FNF:1
FNH:0
FNDA:0,Footer
DA:4,0
LF:1
LH:0
BRF:0
BRH:0
end_of_record
TN:
SF:src/components/Header.jsx
FN:6,Header
FN:39,(anonymous_1)
FNF:2
FNH:2
FNDA:38,Header
FNDA:3,(anonymous_1)
DA:7,38
DA:8,38
DA:9,38
DA:10,38
DA:11,38
DA:13,38
DA:14,21
DA:15,17
DA:16,13
DA:17,4
DA:18,2
DA:19,2
DA:20,1
DA:21,1
DA:22,1
DA:25,38
DA:39,3
LF:17
LH:17
BRDA:10,0,0,38
BRDA:10,0,1,17
BRDA:13,1,0,21
BRDA:13,1,1,17
BRDA:15,2,0,13
BRDA:15,2,1,4
BRDA:17,3,0,2
BRDA:17,3,1,2
BRDA:19,4,0,1
BRDA:19,4,1,1
BRDA:21,5,0,1
BRDA:21,5,1,0
BRDA:36,6,0,38
BRDA:36,6,1,34
BRDA:47,7,0,2
BRDA:47,7,1,32
BRF:16
BRH:15
end_of_record
TN:
SF:src/components/SearchBar.jsx
FN:6,SearchBar
FN:13,(anonymous_1)
FN:24,(anonymous_2)
FN:35,(anonymous_3)
FN:52,(anonymous_4)
FN:62,(anonymous_5)
FN:74,(anonymous_6)
FN:86,(anonymous_7)
FNF:8
FNH:5
FNDA:11,SearchBar
FNDA:1,(anonymous_1)
FNDA:0,(anonymous_2)
FNDA:1,(anonymous_3)
FNDA:6,(anonymous_4)
FNDA:0,(anonymous_5)
FNDA:1,(anonymous_6)
FNDA:0,(anonymous_7)
DA:7,11
DA:8,11
DA:9,11
DA:10,11
DA:11,11
DA:13,11
DA:14,1
DA:15,1
DA:16,0
DA:18,1
DA:19,1
DA:21,1
DA:24,11
DA:25,0
DA:26,0
DA:27,0
DA:29,0
DA:30,0
DA:32,0
DA:35,11
DA:36,1
DA:37,0
DA:39,1
DA:40,1
DA:42,0
DA:46,11
DA:52,6
DA:62,0
DA:74,1
DA:86,0
LF:30
LH:19
BRDA:15,0,0,0
BRDA:15,0,1,1
BRDA:15,1,0,1
BRDA:15,1,1,0
BRDA:18,2,0,1
BRDA:18,2,1,0
BRDA:26,3,0,0
BRDA:26,3,1,0
BRDA:26,4,0,0
BRDA:26,4,1,0
BRDA:29,5,0,0
BRDA:29,5,1,0
BRDA:36,6,0,0
BRDA:36,6,1,1
BRDA:36,7,0,1
BRDA:36,7,1,0
BRDA:39,8,0,1
BRDA:39,8,1,0
BRF:18
BRH:6
end_of_record
TN:
SF:src/context/RecipeContext.jsx
FNF:0
FNH:0
DA:1,4
DA:3,4
LF:2
LH:2
BRF:0
BRH:0
end_of_record
TN:
SF:src/context/RecipeProvider.jsx
FN:5,RecipeProvider
FN:9,(anonymous_1)
FNF:2
FNH:2
FNDA:25,RecipeProvider
FNDA:25,(anonymous_1)
DA:6,25
DA:7,25
DA:9,25
DA:16,25
DA:23,4
LF:5
LH:5
BRF:0
BRH:0
end_of_record
TN:
SF:src/pages/DoneRecipes.jsx
FN:4,DoneRecipes
FNF:1
FNH:1
FNDA:1,DoneRecipes
DA:5,1
LF:1
LH:1
BRF:0
BRH:0
end_of_record
TN:
SF:src/pages/FavoriteRecipes.jsx
FN:4,FavoriteRecipes
FNF:1
FNH:1
FNDA:1,FavoriteRecipes
DA:5,1
LF:1
LH:1
BRF:0
BRH:0
end_of_record
TN:
SF:src/pages/Login.jsx
FN:4,Login
FN:9,(anonymous_1)
FN:14,(anonymous_2)
FN:18,(anonymous_3)
FN:30,(anonymous_4)
FN:38,(anonymous_5)
FNF:6
FNH:6
FNDA:45,Login
FNDA:45,(anonymous_1)
FNDA:55,(anonymous_2)
FNDA:1,(anonymous_3)
FNDA:29,(anonymous_4)
FNDA:12,(anonymous_5)
DA:5,45
DA:6,45
DA:7,45
DA:9,45
DA:10,45
DA:11,45
DA:12,45
DA:13,45
DA:14,55
DA:15,45
DA:18,45
DA:19,1
DA:20,1
DA:23,45
DA:30,29
DA:38,12
LF:16
LH:16
BRF:0
BRH:0
end_of_record
TN:
SF:src/pages/Profile.jsx
FN:4,Profile
FNF:1
FNH:1
FNDA:2,Profile
DA:5,2
LF:1
LH:1
BRF:0
BRH:0
end_of_record
TN:
SF:src/pages/RecipeDetails.jsx
FN:5,RecipeDetails
FN:11,(anonymous_1)
FN:16,(anonymous_2)
FN:21,(anonymous_3)
FNF:4
FNH:0
FNDA:0,RecipeDetails
FNDA:0,(anonymous_1)
FNDA:0,(anonymous_2)
FNDA:0,(anonymous_3)
DA:6,0
DA:8,0
DA:9,0
DA:11,0
DA:12,0
DA:13,0
DA:16,0
DA:17,0
DA:18,0
DA:21,0
DA:22,0
DA:23,0
DA:25,0
DA:29,0
LF:14
LH:0
BRDA:22,0,0,0
BRDA:22,0,1,0
BRDA:33,1,0,0
BRDA:33,1,1,0
BRF:4
BRH:0
end_of_record
TN:
SF:src/pages/RecipeInProgress.jsx
FN:3,RecipeInProgress
FNF:1
FNH:0
FNDA:0,RecipeInProgress
DA:4,0
LF:1
LH:0
BRF:0
BRH:0
end_of_record
TN:
SF:src/pages/Recipes.jsx
FN:16,Recipes
FN:26,(anonymous_1)
FN:38,(anonymous_2)
FN:48,(anonymous_3)
FN:53,(anonymous_4)
FN:66,(anonymous_5)
FN:67,(anonymous_6)
FN:75,(anonymous_7)
FN:79,(anonymous_8)
FN:86,(anonymous_9)
FN:90,(anonymous_10)
FN:99,(anonymous_11)
FN:110,(anonymous_12)
FNF:13
FNH:13
FNDA:33,Recipes
FNDA:12,(anonymous_1)
FNDA:12,(anonymous_2)
FNDA:12,(anonymous_3)
FNDA:8,(anonymous_4)
FNDA:278,(anonymous_5)
FNDA:184,(anonymous_6)
FNDA:66,(anonymous_7)
FNDA:4,(anonymous_8)
FNDA:60,(anonymous_9)
FNDA:4,(anonymous_10)
FNDA:96,(anonymous_11)
FNDA:96,(anonymous_12)
DA:14,3
DA:17,33
DA:18,33
DA:19,33
DA:20,33
DA:21,33
DA:23,33
DA:24,33
DA:26,33
DA:27,12
DA:28,8
DA:29,3
DA:30,3
DA:32,4
DA:33,3
DA:34,3
DA:38,33
DA:39,12
DA:40,8
DA:41,3
DA:43,4
DA:44,3
DA:48,33
DA:49,12
DA:50,12
DA:53,33
DA:54,8
DA:55,8
DA:56,4
DA:57,4
DA:58,4
DA:60,4
DA:61,2
DA:62,2
DA:66,278
DA:67,184
DA:69,33
DA:76,66
DA:79,4
DA:87,60
DA:90,4
DA:100,96
DA:111,96
LF:43
LH:43
BRDA:27,0,0,8
BRDA:27,0,1,4
BRDA:39,1,0,8
BRDA:39,1,1,4
BRDA:55,2,0,4
BRDA:55,2,1,4
BRDA:57,3,0,1
BRDA:57,3,1,3
BRDA:61,4,0,0
BRDA:61,4,1,2
BRDA:66,5,0,33
BRDA:66,5,1,33
BRDA:67,6,0,33
BRDA:67,6,1,33
BRDA:74,7,0,19
BRDA:74,7,1,14
BRDA:98,8,0,19
BRDA:98,8,1,14
BRDA:99,9,0,19
BRDA:99,9,1,19
BRDA:109,10,0,14
BRDA:109,10,1,14
BRF:22
BRH:21
end_of_record
TN:
SF:src/services/fetchAPI.js
FN:1,(anonymous_0)
FN:25,(anonymous_1)
FN:51,(anonymous_2)
FN:55,(anonymous_3)
FN:61,(anonymous_4)
FN:65,(anonymous_5)
FN:71,(anonymous_6)
FN:83,(anonymous_7)
FN:96,getFoodRecipesId
FN:103,getDrinkRecipesId
FNF:10
FNH:8
FNDA:9,(anonymous_0)
FNDA:4,(anonymous_1)
FNDA:8,(anonymous_2)
FNDA:42,(anonymous_3)
FNDA:4,(anonymous_4)
FNDA:33,(anonymous_5)
FNDA:4,(anonymous_6)
FNDA:4,(anonymous_7)
FNDA:0,getFoodRecipesId
FNDA:0,getDrinkRecipesId
DA:1,4
DA:2,9
DA:3,9
DA:5,0
DA:6,0
DA:8,1
DA:9,1
DA:11,0
DA:12,0
DA:14,8
DA:16,9
DA:17,9
DA:18,4
DA:19,4
DA:21,0
DA:25,4
DA:26,4
DA:27,4
DA:29,0
DA:30,0
DA:32,0
DA:33,0
DA:35,0
DA:36,0
DA:38,4
DA:40,4
DA:41,4
DA:42,3
DA:43,3
DA:45,0
DA:49,4
DA:51,4
DA:52,8
DA:53,8
DA:54,3
DA:55,42
DA:57,0
DA:61,4
DA:62,4
DA:63,4
DA:64,3
DA:65,33
DA:67,0
DA:71,4
DA:72,4
DA:73,4
DA:74,1
DA:76,3
DA:78,4
DA:79,4
DA:80,4
DA:83,4
DA:84,4
DA:85,4
DA:86,1
DA:88,3
DA:90,4
DA:91,2
DA:92,2
DA:93,2
DA:97,0
DA:98,0
DA:99,0
DA:100,0
DA:104,0
DA:105,0
DA:106,0
DA:107,0
LF:68
LH:46
BRDA:3,0,0,0
BRDA:3,0,1,1
BRDA:3,0,2,0
BRDA:3,0,3,8
BRDA:27,1,0,0
BRDA:27,1,1,0
BRDA:27,1,2,0
BRDA:27,1,3,4
BRDA:73,2,0,1
BRDA:73,2,1,3
BRDA:85,3,0,1
BRDA:85,3,1,3
BRF:12
BRH:7
end_of_record
